<?xml version="1.0" encoding="UTF-8"?>
<testsuite name="ca.nrc.cadc.accesscontrol.web.DomainServletTest" tests="1" skipped="0" failures="0" errors="0" timestamp="2025-08-11T23:27:31" hostname="NRC-023733" time="0.037">
  <properties/>
  <testcase name="doPost" classname="ca.nrc.cadc.accesscontrol.web.DomainServletTest" time="0.037"/>
  <system-out><![CDATA[]]></system-out>
  <system-err><![CDATA[]]></system-err>
</testsuite>
