<?xml version="1.0" encoding="UTF-8"?>
<testsuite name="ca.nrc.cadc.accesscontrol.web.SSOCookieAgentImplTest" tests="3" skipped="0" failures="0" errors="0" timestamp="2025-08-06T21:24:12" hostname="NRC-023733" time="0.059">
  <properties/>
  <testcase name="doPost" classname="ca.nrc.cadc.accesscontrol.web.SSOCookieAgentImplTest" time="0.032"/>
  <testcase name="validateToken" classname="ca.nrc.cadc.accesscontrol.web.SSOCookieAgentImplTest" time="0.016"/>
  <testcase name="issueCookie" classname="ca.nrc.cadc.accesscontrol.web.SSOCookieAgentImplTest" time="0.01"/>
  <system-out><![CDATA[2025-08-06 14:24:12.100[Test worker] INFO  SSOCookieAgentImpl - Starting URL : /mysite/sso?cookieValue=ZXhwaXJ5dGltZT0yMTQyOTA0ODYwMDAwJnVzZXJJRD1DQURDdGVzdCZzY29wZT1zc286Y2FkYytjYW5mYXImc2lnbmF0dXJlPWRyZFRUbURrbUVQdWRWaUMyOGlHTVMrWHVIL1Q3aFhEY1kwUkx0WU1wanhtWkY2cnc5blpCTEhjUTlFT1RYdzRZWmdjWGYrNGNmckpvNXVCU1Nybkw1WjlwRHZKSmN2UFBxbDFQdGxuM3hrZGtXb3UyNW8rZmRRNnVjZkc3eHlqaWphNVRpQjUyQUFLdm80Q3luVFZkTS9mTnliallLUEREYk9BOG5iRGRyaU52d3ZIQlR0TFg5Rlo4ODlTNDB0OStDdTEyQWx1M1REbzNJS0FtQVhwNjFFblhxdFZaQ0x6eDhhNmFNS0d0ZHhFWlUxQm01dDAxaElYZWxiMlZVWFNOU3BhbHcxOGlubDdyRGVvNEhPeFcxYVBIaGtQNFNoTFFUa2ZydEloaXJFY2Q0RTVWa211VnYvRVYxdERDVFFBMFh4czJzYnNtVFRqdU8zcSt0QVozZz09&referer=http%3A%2F%2Fwww.mysite.com%2Fhere&sites=www.mysite.mydomain.com,www.myothersite.mydomain.com
]]></system-out>
  <system-err><![CDATA[]]></system-err>
</testsuite>
