<?xml version="1.0" encoding="UTF-8"?>
<testsuite name="ca.nrc.cadc.accesscontrol.web.ErrorServletTest" tests="1" skipped="0" failures="0" errors="0" timestamp="2025-08-11T23:27:31" hostname="NRC-023733" time="0.001">
  <properties/>
  <testcase name="doRequest409" classname="ca.nrc.cadc.accesscontrol.web.ErrorServletTest" time="0.001"/>
  <system-out><![CDATA[]]></system-out>
  <system-err><![CDATA[]]></system-err>
</testsuite>
