<?xml version="1.0" encoding="UTF-8"?>
<testsuite name="ca.nrc.cadc.accesscontrol.web.SSOLoginServletTest" tests="1" skipped="0" failures="0" errors="0" timestamp="2025-08-11T23:27:30" hostname="NRC-023733" time="0.421">
  <properties/>
  <testcase name="login" classname="ca.nrc.cadc.accesscontrol.web.SSOLoginServletTest" time="0.421"/>
  <system-out><![CDATA[]]></system-out>
  <system-err><![CDATA[]]></system-err>
</testsuite>
