<?xml version="1.0" encoding="UTF-8"?>
<testsuite name="ca.nrc.cadc.accesscontrol.web.PasswordResetRequestServletTest" tests="2" skipped="0" failures="0" errors="0" timestamp="2025-08-11T23:27:31" hostname="NRC-023733" time="0.035">
  <properties/>
  <testcase name="downloadToken" classname="ca.nrc.cadc.accesscontrol.web.PasswordResetRequestServletTest" time="0.029"/>
  <testcase name="processRequest" classname="ca.nrc.cadc.accesscontrol.web.PasswordResetRequestServletTest" time="0.005"/>
  <system-out><![CDATA[]]></system-out>
  <system-err><![CDATA[]]></system-err>
</testsuite>
